<?xml version="1.0" encoding="UTF-8"?>
<testsuites>
  <testsuite name="Test suite" timestamp="2023-10-17T16:36:01" time="3.38" tests="4" failures="0" errors="0" skipped="0">
    <properties>
      <property name="specId" value="0"/>
      <property name="suiteName" value="Test suite"/>
      <property name="capabilities" value="firefox.118_0_2.windows"/>
      <property name="file" value="file:///C:/Users/Akrapoy/wdiio/src/tests/simple.tests.js"/>
    </properties>
    <testcase classname="firefox.118_0_2.windows.Test_suite" name="Check page title" time="1.294">
      <system-out><![CDATA[
COMMAND: POST /session/9ca38a88-e38c-4e77-a5e7-7df3ffaa76d9/url - {"url":"https://ej2.syncfusion.com/showcase/angular/appointmentplanner/#/dashboard"}
RESULT: {"url":"https://ej2.syncfusion.com/showcase/angular/appointmentplanner/#/dashboard"}
COMMAND: GET /session/9ca38a88-e38c-4e77-a5e7-7df3ffaa76d9/title - {}
RESULT: {}
COMMAND: GET /session/9ca38a88-e38c-4e77-a5e7-7df3ffaa76d9/title - {}
RESULT: {}
]]></system-out>
    </testcase>
    <testcase classname="firefox.118_0_2.windows.Test_suite" name="Open add new doctor" time="0.551">
      <system-out><![CDATA[
COMMAND: POST /session/9ca38a88-e38c-4e77-a5e7-7df3ffaa76d9/url - {"url":"https://ej2.syncfusion.com/showcase/angular/appointmentplanner/#/dashboard"}
RESULT: {"url":"https://ej2.syncfusion.com/showcase/angular/appointmentplanner/#/dashboard"}
COMMAND: POST /session/9ca38a88-e38c-4e77-a5e7-7df3ffaa76d9/element - {"using":"css selector","value":"[routerlink=\"/doctors\"]"}
RESULT: {"using":"css selector","value":"[routerlink=\"/doctors\"]"}
COMMAND: POST /session/9ca38a88-e38c-4e77-a5e7-7df3ffaa76d9/element/a1c963e9-2b7d-4e7b-b8cd-b94811187472/click - {}
RESULT: {}
COMMAND: POST /session/9ca38a88-e38c-4e77-a5e7-7df3ffaa76d9/element - {"using":"css selector","value":".specialization-types button.e-control"}
RESULT: {"using":"css selector","value":".specialization-types button.e-control"}
COMMAND: POST /session/9ca38a88-e38c-4e77-a5e7-7df3ffaa76d9/element/20354144-10ad-47ad-aa8a-11843725c6b2/click - {}
RESULT: {}
COMMAND: POST /session/9ca38a88-e38c-4e77-a5e7-7df3ffaa76d9/element - {"using":"css selector","value":".new-doctor-dialog"}
RESULT: {"using":"css selector","value":".new-doctor-dialog"}
COMMAND: GET /session/9ca38a88-e38c-4e77-a5e7-7df3ffaa76d9/element/787efb9f-c35c-44e2-9791-14f9c7b471ed/displayed - {}
RESULT: {}
]]></system-out>
    </testcase>
    <testcase classname="firefox.118_0_2.windows.Test_suite" name="Add a new doctor" time="0.833">
      <system-out><![CDATA[
COMMAND: POST /session/9ca38a88-e38c-4e77-a5e7-7df3ffaa76d9/url - {"url":"https://ej2.syncfusion.com/showcase/angular/appointmentplanner/#/dashboard"}
RESULT: {"url":"https://ej2.syncfusion.com/showcase/angular/appointmentplanner/#/dashboard"}
COMMAND: POST /session/9ca38a88-e38c-4e77-a5e7-7df3ffaa76d9/element - {"using":"css selector","value":"[routerlink=\"/doctors\"]"}
RESULT: {"using":"css selector","value":"[routerlink=\"/doctors\"]"}
COMMAND: POST /session/9ca38a88-e38c-4e77-a5e7-7df3ffaa76d9/element/a1c963e9-2b7d-4e7b-b8cd-b94811187472/click - {}
RESULT: {}
COMMAND: POST /session/9ca38a88-e38c-4e77-a5e7-7df3ffaa76d9/element - {"using":"css selector","value":".specialization-types button.e-control"}
RESULT: {"using":"css selector","value":".specialization-types button.e-control"}
COMMAND: POST /session/9ca38a88-e38c-4e77-a5e7-7df3ffaa76d9/element/85989865-46b2-495a-bcc8-30ec16cff424/click - {}
RESULT: {}
COMMAND: POST /session/9ca38a88-e38c-4e77-a5e7-7df3ffaa76d9/element - {"using":"css selector","value":".new-doctor-dialog"}
RESULT: {"using":"css selector","value":".new-doctor-dialog"}
COMMAND: GET /session/9ca38a88-e38c-4e77-a5e7-7df3ffaa76d9/element/8f3cfe07-963f-4782-8b5a-2ccc5c6ab517/displayed - {}
RESULT: {}
COMMAND: POST /session/9ca38a88-e38c-4e77-a5e7-7df3ffaa76d9/element - {"using":"css selector","value":"[name=\"Name\"]"}
RESULT: {"using":"css selector","value":"[name=\"Name\"]"}
COMMAND: POST /session/9ca38a88-e38c-4e77-a5e7-7df3ffaa76d9/element/c5059fa7-cd9d-4890-a3f2-515beb9cf8a9/clear - {}
RESULT: {}
COMMAND: POST /session/9ca38a88-e38c-4e77-a5e7-7df3ffaa76d9/element/c5059fa7-cd9d-4890-a3f2-515beb9cf8a9/value - {"text":"John Doe"}
RESULT: {"text":"John Doe"}
COMMAND: POST /session/9ca38a88-e38c-4e77-a5e7-7df3ffaa76d9/element - {"using":"css selector","value":"#DoctorMobile"}
RESULT: {"using":"css selector","value":"#DoctorMobile"}
COMMAND: POST /session/9ca38a88-e38c-4e77-a5e7-7df3ffaa76d9/element/359a18fe-3abb-41e4-8aa1-fbd00592c9db/clear - {}
RESULT: {}
COMMAND: POST /session/9ca38a88-e38c-4e77-a5e7-7df3ffaa76d9/element/359a18fe-3abb-41e4-8aa1-fbd00592c9db/value - {"text":"11111111111111"}
RESULT: {"text":"11111111111111"}
COMMAND: POST /session/9ca38a88-e38c-4e77-a5e7-7df3ffaa76d9/element - {"using":"css selector","value":"[name=\"Email\"]"}
RESULT: {"using":"css selector","value":"[name=\"Email\"]"}
COMMAND: POST /session/9ca38a88-e38c-4e77-a5e7-7df3ffaa76d9/element/bcc6460d-7d37-430e-96e7-a1fc2d6c77a8/clear - {}
RESULT: {}
COMMAND: POST /session/9ca38a88-e38c-4e77-a5e7-7df3ffaa76d9/element/bcc6460d-7d37-430e-96e7-a1fc2d6c77a8/value - {"text":"test@test.com"}
RESULT: {"text":"test@test.com"}
COMMAND: POST /session/9ca38a88-e38c-4e77-a5e7-7df3ffaa76d9/element - {"using":"css selector","value":"[name=\"Education\"]"}
RESULT: {"using":"css selector","value":"[name=\"Education\"]"}
COMMAND: POST /session/9ca38a88-e38c-4e77-a5e7-7df3ffaa76d9/element/b5e20328-fe9b-4cbb-ac65-38714135a4d5/clear - {}
RESULT: {}
COMMAND: POST /session/9ca38a88-e38c-4e77-a5e7-7df3ffaa76d9/element/b5e20328-fe9b-4cbb-ac65-38714135a4d5/value - {"text":"Basic"}
RESULT: {"text":"Basic"}
COMMAND: POST /session/9ca38a88-e38c-4e77-a5e7-7df3ffaa76d9/element - {"using":"css selector","value":"[name=\"Designation\"]"}
RESULT: {"using":"css selector","value":"[name=\"Designation\"]"}
COMMAND: POST /session/9ca38a88-e38c-4e77-a5e7-7df3ffaa76d9/element/742e56c5-da56-4f32-a17e-7bd33099681e/clear - {}
RESULT: {}
COMMAND: POST /session/9ca38a88-e38c-4e77-a5e7-7df3ffaa76d9/element/742e56c5-da56-4f32-a17e-7bd33099681e/value - {"text":"Test"}
RESULT: {"text":"Test"}
COMMAND: POST /session/9ca38a88-e38c-4e77-a5e7-7df3ffaa76d9/element - {"using":"xpath","value":"//button[normalize-space()='Save']"}
RESULT: {"using":"xpath","value":"//button[normalize-space()='Save']"}
COMMAND: POST /session/9ca38a88-e38c-4e77-a5e7-7df3ffaa76d9/element/e6247b93-e68e-4353-965c-a969516f7cef/click - {}
RESULT: {}
COMMAND: POST /session/9ca38a88-e38c-4e77-a5e7-7df3ffaa76d9/element - {"using":"css selector","value":".new-doctor-dialog"}
RESULT: {"using":"css selector","value":".new-doctor-dialog"}
COMMAND: GET /session/9ca38a88-e38c-4e77-a5e7-7df3ffaa76d9/element/8f3cfe07-963f-4782-8b5a-2ccc5c6ab517/displayed - {}
RESULT: {}
COMMAND: POST /session/9ca38a88-e38c-4e77-a5e7-7df3ffaa76d9/element - {"using":"css selector","value":"#Specialist_8"}
RESULT: {"using":"css selector","value":"#Specialist_8"}
COMMAND: POST /session/9ca38a88-e38c-4e77-a5e7-7df3ffaa76d9/element/c7a192f6-c473-49e8-ab40-5925a5b243ec/element - {"using":"css selector","value":".name"}
RESULT: {"using":"css selector","value":".name"}
COMMAND: GET /session/9ca38a88-e38c-4e77-a5e7-7df3ffaa76d9/element/0dd312a4-053f-458e-a625-8319b77c7522/text - {}
RESULT: {}
COMMAND: POST /session/9ca38a88-e38c-4e77-a5e7-7df3ffaa76d9/element - {"using":"css selector","value":"#Specialist_8"}
RESULT: {"using":"css selector","value":"#Specialist_8"}
COMMAND: POST /session/9ca38a88-e38c-4e77-a5e7-7df3ffaa76d9/element/c7a192f6-c473-49e8-ab40-5925a5b243ec/element - {"using":"css selector","value":".education"}
RESULT: {"using":"css selector","value":".education"}
COMMAND: GET /session/9ca38a88-e38c-4e77-a5e7-7df3ffaa76d9/element/4253db6e-e681-49ec-a208-00e3c8468ad2/text - {}
RESULT: {}
]]></system-out>
    </testcase>
    <testcase classname="firefox.118_0_2.windows.Test_suite" name="Open and close add new doctor window" time="0.7">
      <system-out><![CDATA[
COMMAND: POST /session/9ca38a88-e38c-4e77-a5e7-7df3ffaa76d9/url - {"url":"https://ej2.syncfusion.com/showcase/angular/appointmentplanner/#/dashboard"}
RESULT: {"url":"https://ej2.syncfusion.com/showcase/angular/appointmentplanner/#/dashboard"}
COMMAND: POST /session/9ca38a88-e38c-4e77-a5e7-7df3ffaa76d9/element - {"using":"css selector","value":"[routerlink=\"/doctors\"]"}
RESULT: {"using":"css selector","value":"[routerlink=\"/doctors\"]"}
COMMAND: POST /session/9ca38a88-e38c-4e77-a5e7-7df3ffaa76d9/element/a1c963e9-2b7d-4e7b-b8cd-b94811187472/click - {}
RESULT: {}
COMMAND: POST /session/9ca38a88-e38c-4e77-a5e7-7df3ffaa76d9/element - {"using":"css selector","value":".specialization-types button.e-control"}
RESULT: {"using":"css selector","value":".specialization-types button.e-control"}
COMMAND: POST /session/9ca38a88-e38c-4e77-a5e7-7df3ffaa76d9/element/59af3f93-c1a5-48c6-bdb0-1a7f29c84774/click - {}
RESULT: {}
COMMAND: POST /session/9ca38a88-e38c-4e77-a5e7-7df3ffaa76d9/element - {"using":"css selector","value":".new-doctor-dialog"}
RESULT: {"using":"css selector","value":".new-doctor-dialog"}
COMMAND: GET /session/9ca38a88-e38c-4e77-a5e7-7df3ffaa76d9/element/7de6468a-66e7-4f0a-a90e-ff04f2591bf3/displayed - {}
RESULT: {}
COMMAND: POST /session/9ca38a88-e38c-4e77-a5e7-7df3ffaa76d9/element - {"using":"css selector","value":".e-dlg-closeicon-btn"}
RESULT: {"using":"css selector","value":".e-dlg-closeicon-btn"}
COMMAND: POST /session/9ca38a88-e38c-4e77-a5e7-7df3ffaa76d9/element/7df824d6-d0b5-4036-ab12-86c5dd592aa7/click - {}
RESULT: {}
COMMAND: POST /session/9ca38a88-e38c-4e77-a5e7-7df3ffaa76d9/element - {"using":"css selector","value":".new-doctor-dialog"}
RESULT: {"using":"css selector","value":".new-doctor-dialog"}
COMMAND: GET /session/9ca38a88-e38c-4e77-a5e7-7df3ffaa76d9/element/7de6468a-66e7-4f0a-a90e-ff04f2591bf3/displayed - {}
RESULT: {}
COMMAND: DELETE /session/9ca38a88-e38c-4e77-a5e7-7df3ffaa76d9 - {}
RESULT: {}
]]></system-out>
    </testcase>
  </testsuite>
</testsuites>