<?xml version="1.0" encoding="UTF-8"?>
<testsuites>
  <testsuite name="Test suite" timestamp="2023-10-17T21:25:10" time="3.528" tests="4" failures="0" errors="0" skipped="0">
    <properties>
      <property name="specId" value="0"/>
      <property name="suiteName" value="Test suite"/>
      <property name="capabilities" value="firefox.118_0_2.windows"/>
      <property name="file" value="file:///C:/Users/Akrapoy/wdiio/src/tests/simple.tests.js"/>
    </properties>
    <testcase classname="firefox.118_0_2.windows.Test_suite" name="Check page title" time="1.438">
      <system-out><![CDATA[
COMMAND: POST /session/b4978260-c69d-48f8-a6a3-d6972a02cc83/url - {"url":"https://ej2.syncfusion.com/showcase/angular/appointmentplanner/#/dashboard"}
RESULT: {"url":"https://ej2.syncfusion.com/showcase/angular/appointmentplanner/#/dashboard"}
COMMAND: GET /session/b4978260-c69d-48f8-a6a3-d6972a02cc83/title - {}
RESULT: {}
COMMAND: GET /session/b4978260-c69d-48f8-a6a3-d6972a02cc83/title - {}
RESULT: {}
]]></system-out>
    </testcase>
    <testcase classname="firefox.118_0_2.windows.Test_suite" name="Open add new doctor" time="0.544">
      <system-out><![CDATA[
COMMAND: POST /session/b4978260-c69d-48f8-a6a3-d6972a02cc83/url - {"url":"https://ej2.syncfusion.com/showcase/angular/appointmentplanner/#/dashboard"}
RESULT: {"url":"https://ej2.syncfusion.com/showcase/angular/appointmentplanner/#/dashboard"}
COMMAND: POST /session/b4978260-c69d-48f8-a6a3-d6972a02cc83/element - {"using":"css selector","value":"[routerlink=\"/doctors\"]"}
RESULT: {"using":"css selector","value":"[routerlink=\"/doctors\"]"}
COMMAND: POST /session/b4978260-c69d-48f8-a6a3-d6972a02cc83/element/fcd80834-392b-45c0-a321-4025670d6838/click - {}
RESULT: {}
COMMAND: POST /session/b4978260-c69d-48f8-a6a3-d6972a02cc83/element - {"using":"css selector","value":".specialization-types button.e-control"}
RESULT: {"using":"css selector","value":".specialization-types button.e-control"}
COMMAND: POST /session/b4978260-c69d-48f8-a6a3-d6972a02cc83/element/a41277fd-1dae-4023-8a8d-9054de148106/click - {}
RESULT: {}
COMMAND: POST /session/b4978260-c69d-48f8-a6a3-d6972a02cc83/element - {"using":"css selector","value":".new-doctor-dialog"}
RESULT: {"using":"css selector","value":".new-doctor-dialog"}
COMMAND: GET /session/b4978260-c69d-48f8-a6a3-d6972a02cc83/element/91b080d6-0834-4a65-94ff-883cb0deebb2/displayed - {}
RESULT: {}
]]></system-out>
    </testcase>
    <testcase classname="firefox.118_0_2.windows.Test_suite" name="Add a new doctor" time="0.841">
      <system-out><![CDATA[
COMMAND: POST /session/b4978260-c69d-48f8-a6a3-d6972a02cc83/url - {"url":"https://ej2.syncfusion.com/showcase/angular/appointmentplanner/#/dashboard"}
RESULT: {"url":"https://ej2.syncfusion.com/showcase/angular/appointmentplanner/#/dashboard"}
COMMAND: POST /session/b4978260-c69d-48f8-a6a3-d6972a02cc83/element - {"using":"css selector","value":"[routerlink=\"/doctors\"]"}
RESULT: {"using":"css selector","value":"[routerlink=\"/doctors\"]"}
COMMAND: POST /session/b4978260-c69d-48f8-a6a3-d6972a02cc83/element/fcd80834-392b-45c0-a321-4025670d6838/click - {}
RESULT: {}
COMMAND: POST /session/b4978260-c69d-48f8-a6a3-d6972a02cc83/element - {"using":"css selector","value":".specialization-types button.e-control"}
RESULT: {"using":"css selector","value":".specialization-types button.e-control"}
COMMAND: POST /session/b4978260-c69d-48f8-a6a3-d6972a02cc83/element/0a4272fe-f2e3-4979-8166-c022ab1a9b06/click - {}
RESULT: {}
COMMAND: POST /session/b4978260-c69d-48f8-a6a3-d6972a02cc83/element - {"using":"css selector","value":".new-doctor-dialog"}
RESULT: {"using":"css selector","value":".new-doctor-dialog"}
COMMAND: GET /session/b4978260-c69d-48f8-a6a3-d6972a02cc83/element/0c11111f-1201-46d9-99f2-e7f8d01f76c7/displayed - {}
RESULT: {}
COMMAND: POST /session/b4978260-c69d-48f8-a6a3-d6972a02cc83/element - {"using":"css selector","value":"[name=\"Name\"]"}
RESULT: {"using":"css selector","value":"[name=\"Name\"]"}
COMMAND: POST /session/b4978260-c69d-48f8-a6a3-d6972a02cc83/element/7bc32270-6118-4160-b813-d8b31b7d100c/clear - {}
RESULT: {}
COMMAND: POST /session/b4978260-c69d-48f8-a6a3-d6972a02cc83/element/7bc32270-6118-4160-b813-d8b31b7d100c/value - {"text":"John Doe"}
RESULT: {"text":"John Doe"}
COMMAND: POST /session/b4978260-c69d-48f8-a6a3-d6972a02cc83/element - {"using":"css selector","value":"#DoctorMobile"}
RESULT: {"using":"css selector","value":"#DoctorMobile"}
COMMAND: POST /session/b4978260-c69d-48f8-a6a3-d6972a02cc83/element/c4a80414-b65f-4808-b424-d284542d85c9/clear - {}
RESULT: {}
COMMAND: POST /session/b4978260-c69d-48f8-a6a3-d6972a02cc83/element/c4a80414-b65f-4808-b424-d284542d85c9/value - {"text":"11111111111111"}
RESULT: {"text":"11111111111111"}
COMMAND: POST /session/b4978260-c69d-48f8-a6a3-d6972a02cc83/element - {"using":"css selector","value":"[name=\"Email\"]"}
RESULT: {"using":"css selector","value":"[name=\"Email\"]"}
COMMAND: POST /session/b4978260-c69d-48f8-a6a3-d6972a02cc83/element/d8e52847-cb87-449d-8184-d05076df844f/clear - {}
RESULT: {}
COMMAND: POST /session/b4978260-c69d-48f8-a6a3-d6972a02cc83/element/d8e52847-cb87-449d-8184-d05076df844f/value - {"text":"test@test.com"}
RESULT: {"text":"test@test.com"}
COMMAND: POST /session/b4978260-c69d-48f8-a6a3-d6972a02cc83/element - {"using":"css selector","value":"[name=\"Education\"]"}
RESULT: {"using":"css selector","value":"[name=\"Education\"]"}
COMMAND: POST /session/b4978260-c69d-48f8-a6a3-d6972a02cc83/element/5090a35c-682e-4f26-979d-7b7f4d5f1b9f/clear - {}
RESULT: {}
COMMAND: POST /session/b4978260-c69d-48f8-a6a3-d6972a02cc83/element/5090a35c-682e-4f26-979d-7b7f4d5f1b9f/value - {"text":"Basic"}
RESULT: {"text":"Basic"}
COMMAND: POST /session/b4978260-c69d-48f8-a6a3-d6972a02cc83/element - {"using":"css selector","value":"[name=\"Designation\"]"}
RESULT: {"using":"css selector","value":"[name=\"Designation\"]"}
COMMAND: POST /session/b4978260-c69d-48f8-a6a3-d6972a02cc83/element/b764ed14-1967-45d4-8171-59934f38b794/clear - {}
RESULT: {}
COMMAND: POST /session/b4978260-c69d-48f8-a6a3-d6972a02cc83/element/b764ed14-1967-45d4-8171-59934f38b794/value - {"text":"Test"}
RESULT: {"text":"Test"}
COMMAND: POST /session/b4978260-c69d-48f8-a6a3-d6972a02cc83/element - {"using":"xpath","value":"//button[normalize-space()='Save']"}
RESULT: {"using":"xpath","value":"//button[normalize-space()='Save']"}
COMMAND: POST /session/b4978260-c69d-48f8-a6a3-d6972a02cc83/element/debad28b-fcd5-4c7a-a6d5-79aa5a970a5a/click - {}
RESULT: {}
COMMAND: POST /session/b4978260-c69d-48f8-a6a3-d6972a02cc83/element - {"using":"css selector","value":".new-doctor-dialog"}
RESULT: {"using":"css selector","value":".new-doctor-dialog"}
COMMAND: GET /session/b4978260-c69d-48f8-a6a3-d6972a02cc83/element/0c11111f-1201-46d9-99f2-e7f8d01f76c7/displayed - {}
RESULT: {}
COMMAND: POST /session/b4978260-c69d-48f8-a6a3-d6972a02cc83/element - {"using":"css selector","value":"#Specialist_8"}
RESULT: {"using":"css selector","value":"#Specialist_8"}
COMMAND: POST /session/b4978260-c69d-48f8-a6a3-d6972a02cc83/element/7850c143-4c2c-47e2-8a54-eb78300e4cd5/element - {"using":"css selector","value":".name"}
RESULT: {"using":"css selector","value":".name"}
COMMAND: GET /session/b4978260-c69d-48f8-a6a3-d6972a02cc83/element/04c549a6-1cf8-47f8-8fd7-9ec1cfe7e91d/text - {}
RESULT: {}
COMMAND: POST /session/b4978260-c69d-48f8-a6a3-d6972a02cc83/element - {"using":"css selector","value":"#Specialist_8"}
RESULT: {"using":"css selector","value":"#Specialist_8"}
COMMAND: POST /session/b4978260-c69d-48f8-a6a3-d6972a02cc83/element/7850c143-4c2c-47e2-8a54-eb78300e4cd5/element - {"using":"css selector","value":".education"}
RESULT: {"using":"css selector","value":".education"}
COMMAND: GET /session/b4978260-c69d-48f8-a6a3-d6972a02cc83/element/a846b180-0852-4979-ad0a-b5cd4bbb8d5d/text - {}
RESULT: {}
]]></system-out>
    </testcase>
    <testcase classname="firefox.118_0_2.windows.Test_suite" name="Open and close add new doctor window" time="0.703">
      <system-out><![CDATA[
COMMAND: POST /session/b4978260-c69d-48f8-a6a3-d6972a02cc83/url - {"url":"https://ej2.syncfusion.com/showcase/angular/appointmentplanner/#/dashboard"}
RESULT: {"url":"https://ej2.syncfusion.com/showcase/angular/appointmentplanner/#/dashboard"}
COMMAND: POST /session/b4978260-c69d-48f8-a6a3-d6972a02cc83/element - {"using":"css selector","value":"[routerlink=\"/doctors\"]"}
RESULT: {"using":"css selector","value":"[routerlink=\"/doctors\"]"}
COMMAND: POST /session/b4978260-c69d-48f8-a6a3-d6972a02cc83/element/fcd80834-392b-45c0-a321-4025670d6838/click - {}
RESULT: {}
COMMAND: POST /session/b4978260-c69d-48f8-a6a3-d6972a02cc83/element - {"using":"css selector","value":".specialization-types button.e-control"}
RESULT: {"using":"css selector","value":".specialization-types button.e-control"}
COMMAND: POST /session/b4978260-c69d-48f8-a6a3-d6972a02cc83/element/af67c963-810a-424e-a297-ffd266b41d94/click - {}
RESULT: {}
COMMAND: POST /session/b4978260-c69d-48f8-a6a3-d6972a02cc83/element - {"using":"css selector","value":".new-doctor-dialog"}
RESULT: {"using":"css selector","value":".new-doctor-dialog"}
COMMAND: GET /session/b4978260-c69d-48f8-a6a3-d6972a02cc83/element/c5b078ba-2016-40e1-a868-5b816ba6857f/displayed - {}
RESULT: {}
COMMAND: POST /session/b4978260-c69d-48f8-a6a3-d6972a02cc83/element - {"using":"css selector","value":".e-dlg-closeicon-btn"}
RESULT: {"using":"css selector","value":".e-dlg-closeicon-btn"}
COMMAND: POST /session/b4978260-c69d-48f8-a6a3-d6972a02cc83/element/a3d20c46-14e8-4c33-ae6c-31390cbaca3b/click - {}
RESULT: {}
COMMAND: POST /session/b4978260-c69d-48f8-a6a3-d6972a02cc83/element - {"using":"css selector","value":".new-doctor-dialog"}
RESULT: {"using":"css selector","value":".new-doctor-dialog"}
COMMAND: GET /session/b4978260-c69d-48f8-a6a3-d6972a02cc83/element/c5b078ba-2016-40e1-a868-5b816ba6857f/displayed - {}
RESULT: {}
COMMAND: DELETE /session/b4978260-c69d-48f8-a6a3-d6972a02cc83 - {}
RESULT: {}
]]></system-out>
    </testcase>
  </testsuite>
</testsuites>