<?xml version="1.0" encoding="UTF-8"?>
<testsuites>
  <testsuite name="Test suite" timestamp="2023-10-16T15:21:58" time="4.255" tests="4" failures="0" errors="0" skipped="0">
    <properties>
      <property name="specId" value="0"/>
      <property name="suiteName" value="Test suite"/>
      <property name="capabilities" value="firefox.118_0_2.windows"/>
      <property name="file" value="file:///C:/Users/Akrapoy/wdiio/src/tests/basics.spec.js"/>
    </properties>
    <testcase classname="firefox.118_0_2.windows.Test_suite" name="Should check email error" time="2.338">
      <system-out><![CDATA[
COMMAND: POST /session/effa22f2-e74d-4df7-b8e4-644400217955/url - {"url":"https://ej2.syncfusion.com/showcase/angular/appointmentplanner/#/dashboard"}
RESULT: {"url":"https://ej2.syncfusion.com/showcase/angular/appointmentplanner/#/dashboard"}
COMMAND: POST /session/effa22f2-e74d-4df7-b8e4-644400217955/element - {"using":"xpath","value":".//a[normalize-space(text()) = \"View All\"] | .//a[not(.//a[normalize-space(text()) = \"View All\"]) and normalize-space() = \"View All\"]"}
RESULT: {"using":"xpath","value":".//a[normalize-space(text()) = \"View All\"] | .//a[not(.//a[normalize-space(text()) = \"View All\"]) and normalize-space() = \"View All\"]"}
COMMAND: POST /session/effa22f2-e74d-4df7-b8e4-644400217955/element/fa0a4643-7673-4c6a-81f5-b400224732d7/click - {}
RESULT: {}
COMMAND: POST /session/effa22f2-e74d-4df7-b8e4-644400217955/element - {"using":"xpath","value":"//button[text()='Add New Doctor']"}
RESULT: {"using":"xpath","value":"//button[text()='Add New Doctor']"}
COMMAND: POST /session/effa22f2-e74d-4df7-b8e4-644400217955/element/0748423e-8347-4055-8217-e2a6c6f2c0a2/click - {}
RESULT: {}
COMMAND: POST /session/effa22f2-e74d-4df7-b8e4-644400217955/element - {"using":"xpath","value":"//input[@name='Name']"}
RESULT: {"using":"xpath","value":"//input[@name='Name']"}
COMMAND: POST /session/effa22f2-e74d-4df7-b8e4-644400217955/element/0297b990-fd6c-4eb3-9e8a-af1cf6107016/clear - {}
RESULT: {}
COMMAND: POST /session/effa22f2-e74d-4df7-b8e4-644400217955/element/0297b990-fd6c-4eb3-9e8a-af1cf6107016/value - {"text":"John Doe"}
RESULT: {"text":"John Doe"}
COMMAND: POST /session/effa22f2-e74d-4df7-b8e4-644400217955/element - {"using":"xpath","value":"//button[text()='Save']"}
RESULT: {"using":"xpath","value":"//button[text()='Save']"}
COMMAND: POST /session/effa22f2-e74d-4df7-b8e4-644400217955/element/bf4b8d73-3532-4741-a023-de52e7ed10d9/click - {}
RESULT: {}
COMMAND: POST /session/effa22f2-e74d-4df7-b8e4-644400217955/element - {"using":"css selector","value":"label#Email-info"}
RESULT: {"using":"css selector","value":"label#Email-info"}
COMMAND: GET /session/effa22f2-e74d-4df7-b8e4-644400217955/element/5044da21-1dd0-4e03-8f1e-b19cb6ff534b/text - {}
RESULT: {}
]]></system-out>
    </testcase>
    <testcase classname="firefox.118_0_2.windows.Test_suite" name="should fetch menu links and visit each page" time="0.288">
      <system-out><![CDATA[
COMMAND: POST /session/effa22f2-e74d-4df7-b8e4-644400217955/url - {"url":"https://ej2.syncfusion.com/showcase/angular/appointmentplanner/#/dashboard"}
RESULT: {"url":"https://ej2.syncfusion.com/showcase/angular/appointmentplanner/#/dashboard"}
COMMAND: POST /session/effa22f2-e74d-4df7-b8e4-644400217955/elements - {"using":"css selector","value":"ejs-sidebar#plan nerSiderBar div.sidebar-item"}
RESULT: {"using":"css selector","value":"ejs-sidebar#plan nerSiderBar div.sidebar-item"}
COMMAND: POST /session/effa22f2-e74d-4df7-b8e4-644400217955/element - {"using":"xpath","value":".//a[normalize-space(text()) = \"View All\"] | .//a[not(.//a[normalize-space(text()) = \"View All\"]) and normalize-space() = \"View All\"]"}
RESULT: {"using":"xpath","value":".//a[normalize-space(text()) = \"View All\"] | .//a[not(.//a[normalize-space(text()) = \"View All\"]) and normalize-space() = \"View All\"]"}
COMMAND: POST /session/effa22f2-e74d-4df7-b8e4-644400217955/element/c2fcfdf1-5ce9-495e-a7c0-f3a90e95be8e/click - {}
RESULT: {}
COMMAND: GET /session/effa22f2-e74d-4df7-b8e4-644400217955/url - {}
RESULT: {}
]]></system-out>
    </testcase>
    <testcase classname="firefox.118_0_2.windows.Test_suite" name="should check planner is about is Displayed" time="0.347">
      <system-out><![CDATA[
COMMAND: POST /session/effa22f2-e74d-4df7-b8e4-644400217955/url - {"url":"https://ej2.syncfusion.com/showcase/angular/appointmentplanner/#/dashboard"}
RESULT: {"url":"https://ej2.syncfusion.com/showcase/angular/appointmentplanner/#/dashboard"}
COMMAND: POST /session/effa22f2-e74d-4df7-b8e4-644400217955/element - {"using":"css selector","value":"div.calendar"}
RESULT: {"using":"css selector","value":"div.calendar"}
COMMAND: POST /session/effa22f2-e74d-4df7-b8e4-644400217955/elements - {"using":"css selector","value":"div.calendar"}
RESULT: {"using":"css selector","value":"div.calendar"}
COMMAND: GET /session/effa22f2-e74d-4df7-b8e4-644400217955/element/340b833b-01fc-4f4d-93d9-66c02dde7b75/displayed - {}
RESULT: {}
COMMAND: POST /session/effa22f2-e74d-4df7-b8e4-644400217955/element/340b833b-01fc-4f4d-93d9-66c02dde7b75/click - {}
RESULT: {}
COMMAND: POST /session/effa22f2-e74d-4df7-b8e4-644400217955/element - {"using":"css selector","value":"div.planner-calendar"}
RESULT: {"using":"css selector","value":"div.planner-calendar"}
COMMAND: GET /session/effa22f2-e74d-4df7-b8e4-644400217955/element/c74b8744-45e6-4f19-b08e-46f63b85a218/displayed - {}
RESULT: {}
]]></system-out>
    </testcase>
    <testcase classname="firefox.118_0_2.windows.Test_suite" name="Should update patients name" time="1.279">
      <system-out><![CDATA[
COMMAND: POST /session/effa22f2-e74d-4df7-b8e4-644400217955/url - {"url":"https://ej2.syncfusion.com/showcase/angular/appointmentplanner/#/dashboard"}
RESULT: {"url":"https://ej2.syncfusion.com/showcase/angular/appointmentplanner/#/dashboard"}
COMMAND: POST /session/effa22f2-e74d-4df7-b8e4-644400217955/url - {"url":"https://ej2.syncfusion.com/showcase/angular/appointmentplanner/#/patients"}
RESULT: {"url":"https://ej2.syncfusion.com/showcase/angular/appointmentplanner/#/patients"}
COMMAND: POST /session/effa22f2-e74d-4df7-b8e4-644400217955/element - {"using":"xpath","value":"/html/body/app-root/app-main/div/main/app-patients/div[1]/div/div[2]/ejs-grid/div[7]/div/table/tbody/tr[1]/td[2]/span"}
RESULT: {"using":"xpath","value":"/html/body/app-root/app-main/div/main/app-patients/div[1]/div/div[2]/ejs-grid/div[7]/div/table/tbody/tr[1]/td[2]/span"}
COMMAND: POST /session/effa22f2-e74d-4df7-b8e4-644400217955/elements - {"using":"xpath","value":"/html/body/app-root/app-main/div/main/app-patients/div[1]/div/div[2]/ejs-grid/div[7]/div/table/tbody/tr[1]/td[2]/span"}
RESULT: {"using":"xpath","value":"/html/body/app-root/app-main/div/main/app-patients/div[1]/div/div[2]/ejs-grid/div[7]/div/table/tbody/tr[1]/td[2]/span"}
COMMAND: POST /session/effa22f2-e74d-4df7-b8e4-644400217955/elements - {"using":"xpath","value":"/html/body/app-root/app-main/div/main/app-patients/div[1]/div/div[2]/ejs-grid/div[7]/div/table/tbody/tr[1]/td[2]/span"}
RESULT: {"using":"xpath","value":"/html/body/app-root/app-main/div/main/app-patients/div[1]/div/div[2]/ejs-grid/div[7]/div/table/tbody/tr[1]/td[2]/span"}
COMMAND: POST /session/effa22f2-e74d-4df7-b8e4-644400217955/element - {"using":"xpath","value":"/html/body/app-root/app-main/div/main/app-patients/div[1]/div/div[2]/ejs-grid/div[7]/div/table/tbody/tr[1]/td[2]/span"}
RESULT: {"using":"xpath","value":"/html/body/app-root/app-main/div/main/app-patients/div[1]/div/div[2]/ejs-grid/div[7]/div/table/tbody/tr[1]/td[2]/span"}
COMMAND: POST /session/effa22f2-e74d-4df7-b8e4-644400217955/element/47882aa7-5fe2-4217-8f01-11c0f998157c/click - {}
RESULT: {}
COMMAND: POST /session/effa22f2-e74d-4df7-b8e4-644400217955/element - {"using":"xpath","value":"//button[text()='Edit']"}
RESULT: {"using":"xpath","value":"//button[text()='Edit']"}
COMMAND: POST /session/effa22f2-e74d-4df7-b8e4-644400217955/element/e206940d-a6cd-447d-a34d-b532516c6273/click - {}
RESULT: {}
COMMAND: POST /session/effa22f2-e74d-4df7-b8e4-644400217955/element - {"using":"xpath","value":"//input[@name='Name']"}
RESULT: {"using":"xpath","value":"//input[@name='Name']"}
COMMAND: POST /session/effa22f2-e74d-4df7-b8e4-644400217955/element/68b999c6-d179-4565-83ba-cc876564bf46/clear - {}
RESULT: {}
COMMAND: POST /session/effa22f2-e74d-4df7-b8e4-644400217955/element/68b999c6-d179-4565-83ba-cc876564bf46/value - {"text":"Display test"}
RESULT: {"text":"Display test"}
COMMAND: POST /session/effa22f2-e74d-4df7-b8e4-644400217955/element - {"using":"xpath","value":"//button[text()='Save']"}
RESULT: {"using":"xpath","value":"//button[text()='Save']"}
COMMAND: POST /session/effa22f2-e74d-4df7-b8e4-644400217955/element/82a5ceab-d502-44cb-8332-58a1588c7754/click - {}
RESULT: {}
COMMAND: POST /session/effa22f2-e74d-4df7-b8e4-644400217955/element - {"using":"xpath","value":"//span[text()='Display test']"}
RESULT: {"using":"xpath","value":"//span[text()='Display test']"}
COMMAND: POST /session/effa22f2-e74d-4df7-b8e4-644400217955/elements - {"using":"xpath","value":"//span[text()='Display test']"}
RESULT: {"using":"xpath","value":"//span[text()='Display test']"}
COMMAND: DELETE /session/effa22f2-e74d-4df7-b8e4-644400217955 - {}
RESULT: {}
]]></system-out>
    </testcase>
  </testsuite>
</testsuites>