<?xml version="1.0" encoding="UTF-8"?>
<testsuites>
  <testsuite name="Test suite" timestamp="2023-10-16T15:21:45" time="1.885" tests="4" failures="0" errors="0" skipped="0">
    <properties>
      <property name="specId" value="0"/>
      <property name="suiteName" value="Test suite"/>
      <property name="capabilities" value="chrome.118_0_5993_70.windows"/>
      <property name="file" value="file:///C:/Users/Akrapoy/wdiio/src/tests/test.spec.js"/>
    </properties>
    <testcase classname="chrome.118_0_5993_70.windows.Test_suite" name="First test" time="1.133">
      <system-out><![CDATA[
COMMAND: POST /session/97ae055883238030ebc4d8a847ac765b/url - {"url":"https://ej2.syncfusion.com/showcase/angular/appointmentplanner/#/dashboard"}
RESULT: {"url":"https://ej2.syncfusion.com/showcase/angular/appointmentplanner/#/dashboard"}
COMMAND: GET /session/97ae055883238030ebc4d8a847ac765b/title - {}
RESULT: {}
]]></system-out>
    </testcase>
    <testcase classname="chrome.118_0_5993_70.windows.Test_suite" name="SECOND TEST" time="0.254">
      <system-out><![CDATA[
COMMAND: POST /session/97ae055883238030ebc4d8a847ac765b/url - {"url":"https://ej2.syncfusion.com/showcase/angular/appointmentplanner/#/dashboard"}
RESULT: {"url":"https://ej2.syncfusion.com/showcase/angular/appointmentplanner/#/dashboard"}
COMMAND: POST /session/97ae055883238030ebc4d8a847ac765b/element - {"using":"css selector","value":"div.doctors"}
RESULT: {"using":"css selector","value":"div.doctors"}
COMMAND: POST /session/97ae055883238030ebc4d8a847ac765b/element/CDB140DDC155E8944CBB85786CCE889A_element_31/click - {}
RESULT: {}
COMMAND: POST /session/97ae055883238030ebc4d8a847ac765b/element - {"using":"xpath","value":"//button[text()='Add New Doctor']"}
RESULT: {"using":"xpath","value":"//button[text()='Add New Doctor']"}
COMMAND: POST /session/97ae055883238030ebc4d8a847ac765b/element/CDB140DDC155E8944CBB85786CCE889A_element_44/click - {}
RESULT: {}
COMMAND: POST /session/97ae055883238030ebc4d8a847ac765b/element - {"using":"css selector","value":"input[name='Name']"}
RESULT: {"using":"css selector","value":"input[name='Name']"}
COMMAND: POST /session/97ae055883238030ebc4d8a847ac765b/element/CDB140DDC155E8944CBB85786CCE889A_element_46/clear - {}
RESULT: {}
COMMAND: POST /session/97ae055883238030ebc4d8a847ac765b/element/CDB140DDC155E8944CBB85786CCE889A_element_46/value - {"text":"John Doe"}
RESULT: {"text":"John Doe"}
COMMAND: POST /session/97ae055883238030ebc4d8a847ac765b/element - {"using":"xpath","value":"//button[text()='Save']"}
RESULT: {"using":"xpath","value":"//button[text()='Save']"}
COMMAND: POST /session/97ae055883238030ebc4d8a847ac765b/element/CDB140DDC155E8944CBB85786CCE889A_element_58/click - {}
RESULT: {}
COMMAND: POST /session/97ae055883238030ebc4d8a847ac765b/element - {"using":"css selector","value":"label#Email-info"}
RESULT: {"using":"css selector","value":"label#Email-info"}
COMMAND: GET /session/97ae055883238030ebc4d8a847ac765b/element/CDB140DDC155E8944CBB85786CCE889A_element_77/text - {}
RESULT: {}
]]></system-out>
    </testcase>
    <testcase classname="chrome.118_0_5993_70.windows.Test_suite" name="Third TEST" time="0.289">
      <system-out><![CDATA[
COMMAND: POST /session/97ae055883238030ebc4d8a847ac765b/url - {"url":"https://ej2.syncfusion.com/showcase/angular/appointmentplanner/#/dashboard"}
RESULT: {"url":"https://ej2.syncfusion.com/showcase/angular/appointmentplanner/#/dashboard"}
COMMAND: POST /session/97ae055883238030ebc4d8a847ac765b/element - {"using":"xpath","value":"//div[contains(@class, 'patients')]"}
RESULT: {"using":"xpath","value":"//div[contains(@class, 'patients')]"}
COMMAND: POST /session/97ae055883238030ebc4d8a847ac765b/element/CDB140DDC155E8944CBB85786CCE889A_element_90/click - {}
RESULT: {}
COMMAND: POST /session/97ae055883238030ebc4d8a847ac765b/element - {"using":"xpath","value":".//button[normalize-space(text()) = \"Add New Patient\"] | .//button[not(.//button[normalize-space(text()) = \"Add New Patient\"]) and normalize-space() = \"Add New Patient\"]"}
RESULT: {"using":"xpath","value":".//button[normalize-space(text()) = \"Add New Patient\"] | .//button[not(.//button[normalize-space(text()) = \"Add New Patient\"]) and normalize-space() = \"Add New Patient\"]"}
COMMAND: POST /session/97ae055883238030ebc4d8a847ac765b/element/CDB140DDC155E8944CBB85786CCE889A_element_98/click - {}
RESULT: {}
COMMAND: POST /session/97ae055883238030ebc4d8a847ac765b/element - {"using":"xpath","value":"//input[@name='Name']"}
RESULT: {"using":"xpath","value":"//input[@name='Name']"}
COMMAND: POST /session/97ae055883238030ebc4d8a847ac765b/element/CDB140DDC155E8944CBB85786CCE889A_element_91/clear - {}
RESULT: {}
COMMAND: POST /session/97ae055883238030ebc4d8a847ac765b/element/CDB140DDC155E8944CBB85786CCE889A_element_91/value - {"text":"John Doe"}
RESULT: {"text":"John Doe"}
COMMAND: POST /session/97ae055883238030ebc4d8a847ac765b/element - {"using":"xpath","value":".//button[normalize-space(text()) = \"Save\"] | .//button[not(.//button[normalize-space(text()) = \"Save\"]) and normalize-space() = \"Save\"]"}
RESULT: {"using":"xpath","value":".//button[normalize-space(text()) = \"Save\"] | .//button[not(.//button[normalize-space(text()) = \"Save\"]) and normalize-space() = \"Save\"]"}
COMMAND: POST /session/97ae055883238030ebc4d8a847ac765b/element/CDB140DDC155E8944CBB85786CCE889A_element_102/click - {}
RESULT: {}
COMMAND: POST /session/97ae055883238030ebc4d8a847ac765b/element - {"using":"css selector","value":"label[id='Email-info']"}
RESULT: {"using":"css selector","value":"label[id='Email-info']"}
COMMAND: GET /session/97ae055883238030ebc4d8a847ac765b/element/CDB140DDC155E8944CBB85786CCE889A_element_117/text - {}
RESULT: {}
]]></system-out>
    </testcase>
    <testcase classname="chrome.118_0_5993_70.windows.Test_suite" name="fourth TEST" time="0.206">
      <system-out><![CDATA[
COMMAND: POST /session/97ae055883238030ebc4d8a847ac765b/url - {"url":"https://ej2.syncfusion.com/showcase/angular/appointmentplanner/#/dashboard"}
RESULT: {"url":"https://ej2.syncfusion.com/showcase/angular/appointmentplanner/#/dashboard"}
COMMAND: POST /session/97ae055883238030ebc4d8a847ac765b/element - {"using":"xpath","value":".//a[normalize-space(text()) = \"View All\"] | .//a[not(.//a[normalize-space(text()) = \"View All\"]) and normalize-space() = \"View All\"]"}
RESULT: {"using":"xpath","value":".//a[normalize-space(text()) = \"View All\"] | .//a[not(.//a[normalize-space(text()) = \"View All\"]) and normalize-space() = \"View All\"]"}
COMMAND: POST /session/97ae055883238030ebc4d8a847ac765b/element/CDB140DDC155E8944CBB85786CCE889A_element_125/click - {}
RESULT: {}
COMMAND: POST /session/97ae055883238030ebc4d8a847ac765b/element - {"using":"xpath","value":"//button[text()='Add New Doctor']"}
RESULT: {"using":"xpath","value":"//button[text()='Add New Doctor']"}
COMMAND: POST /session/97ae055883238030ebc4d8a847ac765b/element/CDB140DDC155E8944CBB85786CCE889A_element_135/click - {}
RESULT: {}
COMMAND: POST /session/97ae055883238030ebc4d8a847ac765b/element - {"using":"xpath","value":"//input[@name='Name']"}
RESULT: {"using":"xpath","value":"//input[@name='Name']"}
COMMAND: POST /session/97ae055883238030ebc4d8a847ac765b/element/CDB140DDC155E8944CBB85786CCE889A_element_137/clear - {}
RESULT: {}
COMMAND: POST /session/97ae055883238030ebc4d8a847ac765b/element/CDB140DDC155E8944CBB85786CCE889A_element_137/value - {"text":"John Doe"}
RESULT: {"text":"John Doe"}
COMMAND: POST /session/97ae055883238030ebc4d8a847ac765b/element - {"using":"xpath","value":"//button[text()='Save']"}
RESULT: {"using":"xpath","value":"//button[text()='Save']"}
COMMAND: POST /session/97ae055883238030ebc4d8a847ac765b/element/CDB140DDC155E8944CBB85786CCE889A_element_151/click - {}
RESULT: {}
COMMAND: POST /session/97ae055883238030ebc4d8a847ac765b/element - {"using":"css selector","value":"label#Email-info"}
RESULT: {"using":"css selector","value":"label#Email-info"}
COMMAND: GET /session/97ae055883238030ebc4d8a847ac765b/element/CDB140DDC155E8944CBB85786CCE889A_element_170/text - {}
RESULT: {}
COMMAND: DELETE /session/97ae055883238030ebc4d8a847ac765b - {}
RESULT: {}
]]></system-out>
    </testcase>
  </testsuite>
</testsuites>