<?xml version="1.0" encoding="UTF-8"?>
<testsuites>
  <testsuite name="Test suite" timestamp="2023-10-14T19:22:50" time="3.092" tests="3" failures="0" errors="0" skipped="0">
    <properties>
      <property name="specId" value="0"/>
      <property name="suiteName" value="Test suite"/>
      <property name="capabilities" value="chrome.118_0_5993_70.windows"/>
      <property name="file" value="file:///C:/Users/Akrapoy/wdiio/test/specs/advanced.spec.js"/>
    </properties>
    <testcase classname="chrome.118_0_5993_70.windows.Test_suite" name="1 should add elements asynchronously" time="2.448">
      <system-out><![CDATA[
COMMAND: POST /session/3eb7740aeaabcf1b3bcfa4ffb7c20996/url - {"url":"https://ej2.syncfusion.com/showcase/angular/appointmentplanner/#/dashboard"}
RESULT: {"url":"https://ej2.syncfusion.com/showcase/angular/appointmentplanner/#/dashboard"}
COMMAND: POST /session/3eb7740aeaabcf1b3bcfa4ffb7c20996/execute/async - {"script":"return ((done) => {\r\n            setTimeout(() => {\r\n                const div = document.createElement('div');\r\n                div.id = 'newElement';\r\n                document.body.appendChild(div);\r\n                done();\r\n            }, 1000);\r\n        }).apply(null, arguments)","args":[]}
RESULT: {"script":"return ((done) => {\r\n            setTimeout(() => {\r\n                const div = document.createElement('div');\r\n                div.id = 'newElement';\r\n                document.body.appendChild(div);\r\n                done();\r\n            }, 1000);\r\n        }).apply(null, arguments)","args":[]}
COMMAND: POST /session/3eb7740aeaabcf1b3bcfa4ffb7c20996/element - {"using":"css selector","value":"#newElement"}
RESULT: {"using":"css selector","value":"#newElement"}
]]></system-out>
    </testcase>
    <testcase classname="chrome.118_0_5993_70.windows.Test_suite" name="2 should wait until chart is displayed" time="0.04">
      <system-out><![CDATA[
COMMAND: POST /session/3eb7740aeaabcf1b3bcfa4ffb7c20996/url - {"url":"https://ej2.syncfusion.com/showcase/angular/appointmentplanner/#/dashboard"}
RESULT: {"url":"https://ej2.syncfusion.com/showcase/angular/appointmentplanner/#/dashboard"}
COMMAND: POST /session/3eb7740aeaabcf1b3bcfa4ffb7c20996/element - {"using":"css selector","value":"#chartcontainer_ChartBorder"}
RESULT: {"using":"css selector","value":"#chartcontainer_ChartBorder"}
COMMAND: POST /session/3eb7740aeaabcf1b3bcfa4ffb7c20996/elements - {"using":"css selector","value":"#chartcontainer_ChartBorder"}
RESULT: {"using":"css selector","value":"#chartcontainer_ChartBorder"}
COMMAND: POST /session/3eb7740aeaabcf1b3bcfa4ffb7c20996/element - {"using":"css selector","value":"#chartcontainer_ChartBorder"}
RESULT: {"using":"css selector","value":"#chartcontainer_ChartBorder"}
COMMAND: POST /session/3eb7740aeaabcf1b3bcfa4ffb7c20996/execute/sync - {"script":"return (function isElementDisplayed(element) {\n    function nodeIsElement(node) {\n        if (!node) {\n            return false;\n        }\n        switch (node.nodeType) {\n            case Node.ELEMEN ... (7807 more bytes)","args":[{"element-6066-11e4-a52e-4f735466cecf":"DE8EEE69883AF24AB82AB1E5B7F7FCC4_element_33","ELEMENT":"DE8EEE69883AF24AB82AB1E5B7F7FCC4_element_33"}]}
RESULT: {"script":"return (function isElementDisplayed(element) {\n    function nodeIsElement(node) {\n        if (!node) {\n            return false;\n        }\n        switch (node.nodeType) {\n            case Node.ELEMEN ... (7807 more bytes)","args":[{"element-6066-11e4-a52e-4f735466cecf":"DE8EEE69883AF24AB82AB1E5B7F7FCC4_element_33","ELEMENT":"DE8EEE69883AF24AB82AB1E5B7F7FCC4_element_33"}]}
]]></system-out>
    </testcase>
    <testcase classname="chrome.118_0_5993_70.windows.Test_suite" name="3 Should moveTo about button and click" time="0.601">
      <system-out><![CDATA[
COMMAND: POST /session/3eb7740aeaabcf1b3bcfa4ffb7c20996/url - {"url":"https://ej2.syncfusion.com/showcase/angular/appointmentplanner/#/dashboard"}
RESULT: {"url":"https://ej2.syncfusion.com/showcase/angular/appointmentplanner/#/dashboard"}
COMMAND: POST /session/3eb7740aeaabcf1b3bcfa4ffb7c20996/element - {"using":"css selector","value":"div.calendar"}
RESULT: {"using":"css selector","value":"div.calendar"}
COMMAND: POST /session/3eb7740aeaabcf1b3bcfa4ffb7c20996/element/DE8EEE69883AF24AB82AB1E5B7F7FCC4_element_34/click - {}
RESULT: {}
COMMAND: POST /session/3eb7740aeaabcf1b3bcfa4ffb7c20996/element - {"using":"xpath","value":"/html/body/app-root/app-main/div/main/app-calendar/div[1]/div[2]/div[1]/ejs-schedule/div[3]/div/table/tbody/tr[2]/td[2]/div/table/tbody/tr[24]/td[5]"}
RESULT: {"using":"xpath","value":"/html/body/app-root/app-main/div/main/app-calendar/div[1]/div[2]/div[1]/ejs-schedule/div[3]/div/table/tbody/tr[2]/td[2]/div/table/tbody/tr[24]/td[5]"}
COMMAND: GET /session/3eb7740aeaabcf1b3bcfa4ffb7c20996/element/DE8EEE69883AF24AB82AB1E5B7F7FCC4_element_68/rect - {}
RESULT: {}
COMMAND: GET /session/3eb7740aeaabcf1b3bcfa4ffb7c20996/window/rect - {}
RESULT: {}
COMMAND: POST /session/3eb7740aeaabcf1b3bcfa4ffb7c20996/execute/sync - {"script":"return (() => [\n            window.scrollX, window.scrollY\n        ]).apply(null, arguments)","args":[]}
RESULT: {"script":"return (() => [\n            window.scrollX, window.scrollY\n        ]).apply(null, arguments)","args":[]}
COMMAND: POST /session/3eb7740aeaabcf1b3bcfa4ffb7c20996/actions - {"actions":[{"id":"action1","type":"wheel","parameters":{},"actions":[{"type":"scroll","x":-894,"y":0,"deltaX":0,"deltaY":-36,"duration":0,"origin":{"element-6066-11e4-a52e-4f735466cecf":"DE8EEE69883AF24AB82AB1E5B7F7FCC4_element_68"}}]}]}
COMMAND: POST /session/3eb7740aeaabcf1b3bcfa4ffb7c20996/execute/sync - {"script":"return ((elem, options) => elem.scrollIntoView(options)).apply(null, arguments)","args":[{"element-6066-11e4-a52e-4f735466cecf":"DE8EEE69883AF24AB82AB1E5B7F7FCC4_element_68","ELEMENT":"DE8EEE69883AF24AB82AB1E5B7F7FCC4_element_68"},{"block":"start","inline":"nearest"}]}
RESULT: {"script":"return ((elem, options) => elem.scrollIntoView(options)).apply(null, arguments)","args":[{"element-6066-11e4-a52e-4f735466cecf":"DE8EEE69883AF24AB82AB1E5B7F7FCC4_element_68","ELEMENT":"DE8EEE69883AF24AB82AB1E5B7F7FCC4_element_68"},{"block":"start","inline":"nearest"}]}
COMMAND: POST /session/3eb7740aeaabcf1b3bcfa4ffb7c20996/actions - {"actions":[{"id":"action2","type":"pointer","parameters":{"pointerType":"mouse"},"actions":[{"type":"pointerMove","button":0,"width":0,"height":0,"pressure":0,"tangentialPressure":0,"tiltX":0,"tiltY":0,"twist":0,"altitudeAngle":0,"_":"5 more keys: [\"azimuthAngle\",\"x\",\"y\",\"duration\",\"origin\"]"},{"type":"pointerDown","button":0,"width":0,"height":0,"pressure":0,"tangentialPressure":0,"tiltX":0,"tiltY":0,"twist":0,"altitudeAngle":0,"_":"1 more keys: [\"azimuthAngle\"]"},{"type":"pointerUp","button":0},{"type":"pause","duration":10},{"type":"pointerDown","button":0,"width":0,"height":0,"pressure":0,"tangentialPressure":0,"tiltX":0,"tiltY":0,"twist":0,"altitudeAngle":0,"_":"1 more keys: [\"azimuthAngle\"]"},{"type":"pointerUp","button":0}]}]}
RESULT: {"actions":[{"id":"action2","type":"pointer","parameters":{"pointerType":"mouse"},"actions":[{"type":"pointerMove","button":0,"width":0,"height":0,"pressure":0,"tangentialPressure":0,"tiltX":0,"tiltY":0,"twist":0,"altitudeAngle":0,"_":"5 more keys: [\"azimuthAngle\",\"x\",\"y\",\"duration\",\"origin\"]"},{"type":"pointerDown","button":0,"width":0,"height":0,"pressure":0,"tangentialPressure":0,"tiltX":0,"tiltY":0,"twist":0,"altitudeAngle":0,"_":"1 more keys: [\"azimuthAngle\"]"},{"type":"pointerUp","button":0},{"type":"pause","duration":10},{"type":"pointerDown","button":0,"width":0,"height":0,"pressure":0,"tangentialPressure":0,"tiltX":0,"tiltY":0,"twist":0,"altitudeAngle":0,"_":"1 more keys: [\"azimuthAngle\"]"},{"type":"pointerUp","button":0}]}]}
COMMAND: DELETE /session/3eb7740aeaabcf1b3bcfa4ffb7c20996/actions - {}
RESULT: {}
COMMAND: POST /session/3eb7740aeaabcf1b3bcfa4ffb7c20996/element - {"using":"css selector","value":"div#_dialog_wrapper.e-popup-open"}
RESULT: {"using":"css selector","value":"div#_dialog_wrapper.e-popup-open"}
COMMAND: POST /session/3eb7740aeaabcf1b3bcfa4ffb7c20996/execute/sync - {"script":"return (function isElementDisplayed(element) {\n    function nodeIsElement(node) {\n        if (!node) {\n            return false;\n        }\n        switch (node.nodeType) {\n            case Node.ELEMEN ... (7807 more bytes)","args":[{"element-6066-11e4-a52e-4f735466cecf":"DE8EEE69883AF24AB82AB1E5B7F7FCC4_element_231","ELEMENT":"DE8EEE69883AF24AB82AB1E5B7F7FCC4_element_231"}]}
RESULT: {"script":"return (function isElementDisplayed(element) {\n    function nodeIsElement(node) {\n        if (!node) {\n            return false;\n        }\n        switch (node.nodeType) {\n            case Node.ELEMEN ... (7807 more bytes)","args":[{"element-6066-11e4-a52e-4f735466cecf":"DE8EEE69883AF24AB82AB1E5B7F7FCC4_element_231","ELEMENT":"DE8EEE69883AF24AB82AB1E5B7F7FCC4_element_231"}]}
COMMAND: DELETE /session/3eb7740aeaabcf1b3bcfa4ffb7c20996 - {}
RESULT: {}
]]></system-out>
    </testcase>
  </testsuite>
</testsuites>