<?xml version="1.0" encoding="UTF-8"?>
<testsuites>
  <testsuite name="Test suite" timestamp="2023-10-16T15:21:41" time="2.243" tests="4" failures="0" errors="0" skipped="0">
    <properties>
      <property name="specId" value="0"/>
      <property name="suiteName" value="Test suite"/>
      <property name="capabilities" value="chrome.118_0_5993_70.windows"/>
      <property name="file" value="file:///C:/Users/Akrapoy/wdiio/src/tests/basics.spec.js"/>
    </properties>
    <testcase classname="chrome.118_0_5993_70.windows.Test_suite" name="Should check email error" time="1.384">
      <system-out><![CDATA[
COMMAND: POST /session/3431fe4657de6a866eb9c8701bdfa257/url - {"url":"https://ej2.syncfusion.com/showcase/angular/appointmentplanner/#/dashboard"}
RESULT: {"url":"https://ej2.syncfusion.com/showcase/angular/appointmentplanner/#/dashboard"}
COMMAND: POST /session/3431fe4657de6a866eb9c8701bdfa257/element - {"using":"xpath","value":".//a[normalize-space(text()) = \"View All\"] | .//a[not(.//a[normalize-space(text()) = \"View All\"]) and normalize-space() = \"View All\"]"}
RESULT: {"using":"xpath","value":".//a[normalize-space(text()) = \"View All\"] | .//a[not(.//a[normalize-space(text()) = \"View All\"]) and normalize-space() = \"View All\"]"}
COMMAND: POST /session/3431fe4657de6a866eb9c8701bdfa257/element/0B68A191E90217AF6F2CAAEE1B8C95AF_element_31/click - {}
RESULT: {}
COMMAND: POST /session/3431fe4657de6a866eb9c8701bdfa257/element - {"using":"xpath","value":"//button[text()='Add New Doctor']"}
RESULT: {"using":"xpath","value":"//button[text()='Add New Doctor']"}
COMMAND: POST /session/3431fe4657de6a866eb9c8701bdfa257/element/0B68A191E90217AF6F2CAAEE1B8C95AF_element_44/click - {}
RESULT: {}
COMMAND: POST /session/3431fe4657de6a866eb9c8701bdfa257/element - {"using":"xpath","value":"//input[@name='Name']"}
RESULT: {"using":"xpath","value":"//input[@name='Name']"}
COMMAND: POST /session/3431fe4657de6a866eb9c8701bdfa257/element/0B68A191E90217AF6F2CAAEE1B8C95AF_element_46/clear - {}
RESULT: {}
COMMAND: POST /session/3431fe4657de6a866eb9c8701bdfa257/element/0B68A191E90217AF6F2CAAEE1B8C95AF_element_46/value - {"text":"John Doe"}
RESULT: {"text":"John Doe"}
COMMAND: POST /session/3431fe4657de6a866eb9c8701bdfa257/element - {"using":"xpath","value":"//button[text()='Save']"}
RESULT: {"using":"xpath","value":"//button[text()='Save']"}
COMMAND: POST /session/3431fe4657de6a866eb9c8701bdfa257/element/0B68A191E90217AF6F2CAAEE1B8C95AF_element_58/click - {}
RESULT: {}
COMMAND: POST /session/3431fe4657de6a866eb9c8701bdfa257/element - {"using":"css selector","value":"label#Email-info"}
RESULT: {"using":"css selector","value":"label#Email-info"}
COMMAND: GET /session/3431fe4657de6a866eb9c8701bdfa257/element/0B68A191E90217AF6F2CAAEE1B8C95AF_element_77/text - {}
RESULT: {}
]]></system-out>
    </testcase>
    <testcase classname="chrome.118_0_5993_70.windows.Test_suite" name="should fetch menu links and visit each page" time="0.147">
      <system-out><![CDATA[
COMMAND: POST /session/3431fe4657de6a866eb9c8701bdfa257/url - {"url":"https://ej2.syncfusion.com/showcase/angular/appointmentplanner/#/dashboard"}
RESULT: {"url":"https://ej2.syncfusion.com/showcase/angular/appointmentplanner/#/dashboard"}
COMMAND: POST /session/3431fe4657de6a866eb9c8701bdfa257/elements - {"using":"css selector","value":"ejs-sidebar#plan nerSiderBar div.sidebar-item"}
RESULT: {"using":"css selector","value":"ejs-sidebar#plan nerSiderBar div.sidebar-item"}
COMMAND: POST /session/3431fe4657de6a866eb9c8701bdfa257/element - {"using":"xpath","value":".//a[normalize-space(text()) = \"View All\"] | .//a[not(.//a[normalize-space(text()) = \"View All\"]) and normalize-space() = \"View All\"]"}
RESULT: {"using":"xpath","value":".//a[normalize-space(text()) = \"View All\"] | .//a[not(.//a[normalize-space(text()) = \"View All\"]) and normalize-space() = \"View All\"]"}
COMMAND: POST /session/3431fe4657de6a866eb9c8701bdfa257/element/0B68A191E90217AF6F2CAAEE1B8C95AF_element_90/click - {}
RESULT: {}
COMMAND: GET /session/3431fe4657de6a866eb9c8701bdfa257/url - {}
RESULT: {}
]]></system-out>
    </testcase>
    <testcase classname="chrome.118_0_5993_70.windows.Test_suite" name="should check planner is about is Displayed" time="0.384">
      <system-out><![CDATA[
COMMAND: POST /session/3431fe4657de6a866eb9c8701bdfa257/url - {"url":"https://ej2.syncfusion.com/showcase/angular/appointmentplanner/#/dashboard"}
RESULT: {"url":"https://ej2.syncfusion.com/showcase/angular/appointmentplanner/#/dashboard"}
COMMAND: POST /session/3431fe4657de6a866eb9c8701bdfa257/element - {"using":"css selector","value":"div.calendar"}
RESULT: {"using":"css selector","value":"div.calendar"}
COMMAND: POST /session/3431fe4657de6a866eb9c8701bdfa257/elements - {"using":"css selector","value":"div.calendar"}
RESULT: {"using":"css selector","value":"div.calendar"}
COMMAND: POST /session/3431fe4657de6a866eb9c8701bdfa257/execute/sync - {"script":"return (function isElementDisplayed(element) {\n    function nodeIsElement(node) {\n        if (!node) {\n            return false;\n        }\n        switch (node.nodeType) {\n            case Node.ELEMEN ... (7807 more bytes)","args":[{"element-6066-11e4-a52e-4f735466cecf":"0B68A191E90217AF6F2CAAEE1B8C95AF_element_119","ELEMENT":"0B68A191E90217AF6F2CAAEE1B8C95AF_element_119"}]}
RESULT: {"script":"return (function isElementDisplayed(element) {\n    function nodeIsElement(node) {\n        if (!node) {\n            return false;\n        }\n        switch (node.nodeType) {\n            case Node.ELEMEN ... (7807 more bytes)","args":[{"element-6066-11e4-a52e-4f735466cecf":"0B68A191E90217AF6F2CAAEE1B8C95AF_element_119","ELEMENT":"0B68A191E90217AF6F2CAAEE1B8C95AF_element_119"}]}
COMMAND: POST /session/3431fe4657de6a866eb9c8701bdfa257/element/0B68A191E90217AF6F2CAAEE1B8C95AF_element_119/click - {}
RESULT: {}
COMMAND: POST /session/3431fe4657de6a866eb9c8701bdfa257/element - {"using":"css selector","value":"div.planner-calendar"}
RESULT: {"using":"css selector","value":"div.planner-calendar"}
COMMAND: POST /session/3431fe4657de6a866eb9c8701bdfa257/execute/sync - {"script":"return (function isElementDisplayed(element) {\n    function nodeIsElement(node) {\n        if (!node) {\n            return false;\n        }\n        switch (node.nodeType) {\n            case Node.ELEMEN ... (7807 more bytes)","args":[{"element-6066-11e4-a52e-4f735466cecf":"0B68A191E90217AF6F2CAAEE1B8C95AF_element_151","ELEMENT":"0B68A191E90217AF6F2CAAEE1B8C95AF_element_151"}]}
RESULT: {"script":"return (function isElementDisplayed(element) {\n    function nodeIsElement(node) {\n        if (!node) {\n            return false;\n        }\n        switch (node.nodeType) {\n            case Node.ELEMEN ... (7807 more bytes)","args":[{"element-6066-11e4-a52e-4f735466cecf":"0B68A191E90217AF6F2CAAEE1B8C95AF_element_151","ELEMENT":"0B68A191E90217AF6F2CAAEE1B8C95AF_element_151"}]}
]]></system-out>
    </testcase>
    <testcase classname="chrome.118_0_5993_70.windows.Test_suite" name="Should update patients name" time="0.322">
      <system-out><![CDATA[
COMMAND: POST /session/3431fe4657de6a866eb9c8701bdfa257/url - {"url":"https://ej2.syncfusion.com/showcase/angular/appointmentplanner/#/dashboard"}
RESULT: {"url":"https://ej2.syncfusion.com/showcase/angular/appointmentplanner/#/dashboard"}
COMMAND: POST /session/3431fe4657de6a866eb9c8701bdfa257/url - {"url":"https://ej2.syncfusion.com/showcase/angular/appointmentplanner/#/patients"}
RESULT: {"url":"https://ej2.syncfusion.com/showcase/angular/appointmentplanner/#/patients"}
COMMAND: POST /session/3431fe4657de6a866eb9c8701bdfa257/element - {"using":"xpath","value":"/html/body/app-root/app-main/div/main/app-patients/div[1]/div/div[2]/ejs-grid/div[7]/div/table/tbody/tr[1]/td[2]/span"}
RESULT: {"using":"xpath","value":"/html/body/app-root/app-main/div/main/app-patients/div[1]/div/div[2]/ejs-grid/div[7]/div/table/tbody/tr[1]/td[2]/span"}
COMMAND: POST /session/3431fe4657de6a866eb9c8701bdfa257/element/0B68A191E90217AF6F2CAAEE1B8C95AF_element_168/click - {}
RESULT: {}
COMMAND: POST /session/3431fe4657de6a866eb9c8701bdfa257/element - {"using":"xpath","value":"//button[text()='Edit']"}
RESULT: {"using":"xpath","value":"//button[text()='Edit']"}
COMMAND: POST /session/3431fe4657de6a866eb9c8701bdfa257/element/0B68A191E90217AF6F2CAAEE1B8C95AF_element_179/click - {}
RESULT: {}
COMMAND: POST /session/3431fe4657de6a866eb9c8701bdfa257/element - {"using":"xpath","value":"//input[@name='Name']"}
RESULT: {"using":"xpath","value":"//input[@name='Name']"}
COMMAND: POST /session/3431fe4657de6a866eb9c8701bdfa257/element/0B68A191E90217AF6F2CAAEE1B8C95AF_element_163/clear - {}
RESULT: {}
COMMAND: POST /session/3431fe4657de6a866eb9c8701bdfa257/element/0B68A191E90217AF6F2CAAEE1B8C95AF_element_163/value - {"text":"Display test"}
RESULT: {"text":"Display test"}
COMMAND: POST /session/3431fe4657de6a866eb9c8701bdfa257/element - {"using":"xpath","value":"//button[text()='Save']"}
RESULT: {"using":"xpath","value":"//button[text()='Save']"}
COMMAND: POST /session/3431fe4657de6a866eb9c8701bdfa257/element/0B68A191E90217AF6F2CAAEE1B8C95AF_element_201/click - {}
RESULT: {}
COMMAND: POST /session/3431fe4657de6a866eb9c8701bdfa257/element - {"using":"xpath","value":"//span[text()='Display test']"}
RESULT: {"using":"xpath","value":"//span[text()='Display test']"}
COMMAND: POST /session/3431fe4657de6a866eb9c8701bdfa257/elements - {"using":"xpath","value":"//span[text()='Display test']"}
RESULT: {"using":"xpath","value":"//span[text()='Display test']"}
COMMAND: DELETE /session/3431fe4657de6a866eb9c8701bdfa257 - {}
RESULT: {}
]]></system-out>
    </testcase>
  </testsuite>
</testsuites>